<?xml version="1.0" encoding="UTF-8"?>
<!-- Generated by org.testng.reporters.JUnitReportReporter -->
<testsuite hostname="DESKTOP-EUA91B4" failures="0" tests="3" name="com.pojo.Parameters_Passing" time="6.591" errors="0" timestamp="2023-04-03T11:13:52 IST" skipped="0">
  <testcase classname="com.pojo.Parameters_Passing" name="login" time="4.736"/>
  <testcase classname="com.pojo.Parameters_Passing" name="login" time="0.925"/>
  <testcase classname="com.pojo.Parameters_Passing" name="login" time="0.930"/>
</testsuite> <!-- com.pojo.Parameters_Passing -->
