<?xml version="1.0" encoding="UTF-8"?>
<!-- Generated by org.testng.reporters.JUnitReportReporter -->
<testsuite hostname="DESKTOP-EUA91B4" failures="0" tests="5" name="com.testng.Names" time="0.013" errors="0" timestamp="2023-03-30T11:02:21 IST" skipped="0">
  <testcase classname="com.testng.Names" name="student2" time="0.010"/>
  <testcase classname="com.testng.Names" name="student3" time="0.001"/>
  <testcase classname="com.testng.Names" name="student3" time="0.001"/>
  <testcase classname="com.testng.Names" name="student3" time="0.000"/>
  <testcase classname="com.testng.Names" name="student1" time="0.001"/>
</testsuite> <!-- com.testng.Names -->
