<?xml version="1.0" encoding="UTF-8"?>
<!-- Generated by org.testng.reporters.JUnitReportReporter -->
<testsuite hostname="DESKTOP-EUA91B4" failures="0" tests="2" name="com.testng.Simple_Annotate" time="0.008" errors="0" timestamp="2023-03-31T10:40:46 IST" skipped="0">
  <testcase classname="com.testng.Simple_Annotate" name="another_Book" time="0.008"/>
  <testcase classname="com.testng.Simple_Annotate" name="booking_Confirmation" time="0.000"/>
</testsuite> <!-- com.testng.Simple_Annotate -->
