<?xml version="1.0" encoding="UTF-8"?>
<!-- Generated by org.testng.reporters.JUnitReportReporter -->
<testsuite hostname="DESKTOP-EUA91B4" failures="0" tests="2" name="com.testng.Amazon" time="8.782" errors="0" timestamp="2023-04-03T10:23:40 IST" skipped="0">
  <testcase classname="com.testng.Amazon" name="b" time="3.293"/>
  <testcase classname="com.testng.Amazon" name="a" time="5.489"/>
</testsuite> <!-- com.testng.Amazon -->
