<?xml version="1.0" encoding="UTF-8"?>
<!-- Generated by org.testng.reporters.JUnitReportReporter -->
<testsuite hostname="DESKTOP-EUA91B4" failures="0" tests="5" name="com.testng.Testng_Features" time="0.018" errors="0" timestamp="2023-03-31T11:17:41 IST" skipped="0">
  <testcase classname="com.testng.Testng_Features" name="calcu" time="0.001"/>
  <testcase classname="com.testng.Testng_Features" name="bike" time="0.014"/>
  <testcase classname="com.testng.Testng_Features" name="hello" time="0.001"/>
  <testcase classname="com.testng.Testng_Features" name="petrol" time="0.002"/>
  <testcase classname="com.testng.Testng_Features" name="calcu1" time="0.000"/>
</testsuite> <!-- com.testng.Testng_Features -->
